<?xml version="1.0" encoding="UTF-8"?>
<testsuite name="com.so_mini.authorizationServer.encoding.EncodingTest" tests="1" skipped="0" failures="0" errors="0" timestamp="2020-03-09T13:37:42" hostname="ijieun-ui-MacBookPro.local" time="0.309">
  <properties/>
  <testcase name="encodeTest" classname="com.so_mini.authorizationServer.encoding.EncodingTest" time="0.309"/>
  <system-out><![CDATA[22:37:34.774 [Test worker] DEBUG org.springframework.test.annotation.ProfileValueUtils - Retrieved @ProfileValueSourceConfiguration [null] for test class [com.so_mini.authorizationServer.encoding.EncodingTest]
22:37:34.775 [Test worker] DEBUG org.springframework.test.annotation.ProfileValueUtils - Retrieved ProfileValueSource type [class org.springframework.test.annotation.SystemProfileValueSource] for class [com.so_mini.authorizationServer.encoding.EncodingTest]
22:37:34.778 [Test worker] DEBUG org.springframework.test.annotation.ProfileValueUtils - Retrieved @ProfileValueSourceConfiguration [null] for test class [com.so_mini.authorizationServer.encoding.EncodingTest]
22:37:34.779 [Test worker] DEBUG org.springframework.test.annotation.ProfileValueUtils - Retrieved ProfileValueSource type [class org.springframework.test.annotation.SystemProfileValueSource] for class [com.so_mini.authorizationServer.encoding.EncodingTest]
22:37:34.785 [Test worker] DEBUG org.springframework.test.context.support.AbstractDirtiesContextTestExecutionListener - Before test class: context [DefaultTestContext@7db5770f testClass = EncodingTest, testInstance = [null], testMethod = [null], testException = [null], mergedContextConfiguration = [WebMergedContextConfiguration@587f86b7 testClass = EncodingTest, locations = '{}', classes = '{class com.so_mini.authorizationServer.AuthorizationServerApplication}', contextInitializerClasses = '[]', activeProfiles = '{}', propertySourceLocations = '{}', propertySourceProperties = '{org.springframework.boot.test.context.SpringBootTestContextBootstrapper=true}', contextCustomizers = set[org.springframework.boot.test.autoconfigure.properties.PropertyMappingContextCustomizer@0, org.springframework.boot.test.autoconfigure.web.servlet.WebDriverContextCustomizerFactory$Customizer@12e01dfc, org.springframework.boot.test.context.filter.ExcludeFilterContextCustomizer@4bb6eb8d, org.springframework.boot.test.json.DuplicateJsonObjectContextCustomizerFactory$DuplicateJsonObjectContextCustomizer@1cdd513d, org.springframework.boot.test.mock.mockito.MockitoContextCustomizer@0, org.springframework.boot.test.web.client.TestRestTemplateContextCustomizer@7d602bab], resourceBasePath = 'src/main/webapp', contextLoader = 'org.springframework.boot.test.context.SpringBootContextLoader', parent = [null]], attributes = map['org.springframework.test.context.web.ServletTestExecutionListener.activateListener' -> true]], class annotated with @DirtiesContext [false] with mode [null].
22:37:34.788 [Test worker] DEBUG org.springframework.test.annotation.ProfileValueUtils - Retrieved @ProfileValueSourceConfiguration [null] for test class [com.so_mini.authorizationServer.encoding.EncodingTest]
22:37:34.788 [Test worker] DEBUG org.springframework.test.annotation.ProfileValueUtils - Retrieved ProfileValueSource type [class org.springframework.test.annotation.SystemProfileValueSource] for class [com.so_mini.authorizationServer.encoding.EncodingTest]
22:37:34.806 [Test worker] DEBUG org.springframework.test.context.support.TestPropertySourceUtils - Adding inlined properties to environment: {spring.jmx.enabled=false, org.springframework.boot.test.context.SpringBootTestContextBootstrapper=true, server.port=-1}
2020-03-09 22:37:35.499  INFO 1651 --- [    Test worker] trationDelegate$BeanPostProcessorChecker : Bean 'org.springframework.cloud.autoconfigure.ConfigurationPropertiesRebinderAutoConfiguration' of type [org.springframework.cloud.autoconfigure.ConfigurationPropertiesRebinderAutoConfiguration$$EnhancerBySpringCGLIB$$e536cd8d] is not eligible for getting processed by all BeanPostProcessors (for example: not eligible for auto-proxying)

  .   ____          _            __ _ _
 /\\ / ___'_ __ _ _(_)_ __  __ _ \ \ \ \
( ( )\___ | '_ | '_| | '_ \/ _` | \ \ \ \
 \\/  ___)| |_)| | | | | || (_| |  ) ) ) )
  '  |____| .__|_| |_|_| |_\__, | / / / /
 =========|_|==============|___/=/_/_/_/
 :: Spring Boot ::        (v2.2.5.RELEASE)

2020-03-09 22:37:35.691  INFO 1651 --- [    Test worker] c.s.a.encoding.EncodingTest              : No active profile set, falling back to default profiles: default
2020-03-09 22:37:36.652  INFO 1651 --- [    Test worker] .s.d.r.c.RepositoryConfigurationDelegate : Bootstrapping Spring Data JPA repositories in DEFAULT mode.
2020-03-09 22:37:36.732  INFO 1651 --- [    Test worker] .s.d.r.c.RepositoryConfigurationDelegate : Finished Spring Data repository scanning in 69ms. Found 1 JPA repository interfaces.
2020-03-09 22:37:37.023  INFO 1651 --- [    Test worker] o.s.cloud.context.scope.GenericScope     : BeanFactory id=15d34853-bfb2-3650-9f25-2ce158b9ffbe
2020-03-09 22:37:37.395  INFO 1651 --- [    Test worker] trationDelegate$BeanPostProcessorChecker : Bean 'org.springframework.cloud.autoconfigure.ConfigurationPropertiesRebinderAutoConfiguration' of type [org.springframework.cloud.autoconfigure.ConfigurationPropertiesRebinderAutoConfiguration$$EnhancerBySpringCGLIB$$e536cd8d] is not eligible for getting processed by all BeanPostProcessors (for example: not eligible for auto-proxying)
2020-03-09 22:37:37.645  INFO 1651 --- [    Test worker] o.hibernate.jpa.internal.util.LogHelper  : HHH000204: Processing PersistenceUnitInfo [name: default]
2020-03-09 22:37:37.729  INFO 1651 --- [    Test worker] org.hibernate.Version                    : HHH000412: Hibernate ORM core version 5.4.12.Final
2020-03-09 22:37:37.898  INFO 1651 --- [    Test worker] o.hibernate.annotations.common.Version   : HCANN000001: Hibernate Commons Annotations {5.1.0.Final}
2020-03-09 22:37:38.029  INFO 1651 --- [    Test worker] com.zaxxer.hikari.HikariDataSource       : HikariPool-1 - Starting...
2020-03-09 22:37:38.034  WARN 1651 --- [    Test worker] com.zaxxer.hikari.util.DriverDataSource  : Registered driver with driverClassName=com.mysql.jdbc.Driver was not found, trying direct instantiation.
2020-03-09 22:37:38.217  INFO 1651 --- [    Test worker] com.zaxxer.hikari.HikariDataSource       : HikariPool-1 - Start completed.
2020-03-09 22:37:38.243  INFO 1651 --- [    Test worker] org.hibernate.dialect.Dialect            : HHH000400: Using dialect: org.hibernate.dialect.MySQL8Dialect
2020-03-09 22:37:39.142  INFO 1651 --- [    Test worker] o.h.e.t.j.p.i.JtaPlatformInitiator       : HHH000490: Using JtaPlatform implementation: [org.hibernate.engine.transaction.jta.platform.internal.NoJtaPlatform]
2020-03-09 22:37:39.150  INFO 1651 --- [    Test worker] j.LocalContainerEntityManagerFactoryBean : Initialized JPA EntityManagerFactory for persistence unit 'default'
2020-03-09 22:37:40.154  WARN 1651 --- [    Test worker] o.s.s.o.p.t.s.JwtAccessTokenConverter    : Unable to create an RSA verifier from verifierKey (ignoreable if using MAC)
2020-03-09 22:37:40.577  INFO 1651 --- [    Test worker] o.s.s.concurrent.ThreadPoolTaskExecutor  : Initializing ExecutorService 'applicationTaskExecutor'
2020-03-09 22:37:40.816  WARN 1651 --- [    Test worker] ion$DefaultTemplateResolverConfiguration : Cannot find template location: classpath:/templates/ (please add some templates or check your Thymeleaf configuration)
2020-03-09 22:37:41.560  INFO 1651 --- [    Test worker] o.s.s.web.DefaultSecurityFilterChain     : Creating filter chain: OrRequestMatcher [requestMatchers=[Ant [pattern='/oauth/token'], Ant [pattern='/oauth/token_key'], Ant [pattern='/oauth/check_token']]], [org.springframework.security.web.context.request.async.WebAsyncManagerIntegrationFilter@3fe44e45, org.springframework.security.web.context.SecurityContextPersistenceFilter@10420a86, org.springframework.security.web.header.HeaderWriterFilter@3e15791a, org.springframework.security.web.authentication.logout.LogoutFilter@2bc3cfd5, org.springframework.security.oauth2.provider.client.ClientCredentialsTokenEndpointFilter@415cf77f, org.springframework.security.web.authentication.www.BasicAuthenticationFilter@46cfc864, org.springframework.security.web.savedrequest.RequestCacheAwareFilter@27f3502e, org.springframework.security.web.servletapi.SecurityContextHolderAwareRequestFilter@3b1263e3, org.springframework.security.web.authentication.AnonymousAuthenticationFilter@5c32e210, org.springframework.security.web.session.SessionManagementFilter@21441e74, org.springframework.security.web.access.ExceptionTranslationFilter@63fef586, org.springframework.security.web.access.intercept.FilterSecurityInterceptor@7d5673e2]
2020-03-09 22:37:41.580  INFO 1651 --- [    Test worker] o.s.s.web.DefaultSecurityFilterChain     : Creating filter chain: any request, [org.springframework.security.web.context.request.async.WebAsyncManagerIntegrationFilter@3583ef0f, org.springframework.security.web.context.SecurityContextPersistenceFilter@7d893e39, org.springframework.security.web.header.HeaderWriterFilter@7563ebdd, org.springframework.security.web.authentication.logout.LogoutFilter@36057db5, org.springframework.security.web.authentication.UsernamePasswordAuthenticationFilter@4af9b8d, org.springframework.security.web.authentication.ui.DefaultLoginPageGeneratingFilter@456ffb3f, org.springframework.security.web.authentication.ui.DefaultLogoutPageGeneratingFilter@4d8869c1, org.springframework.security.web.authentication.www.BasicAuthenticationFilter@4883111a, org.springframework.security.web.savedrequest.RequestCacheAwareFilter@24dc77a3, org.springframework.security.web.servletapi.SecurityContextHolderAwareRequestFilter@4e8b5de6, org.springframework.security.web.authentication.AnonymousAuthenticationFilter@4ba5c101, org.springframework.security.web.session.SessionManagementFilter@676d9058, org.springframework.security.web.access.ExceptionTranslationFilter@79bc2e1, org.springframework.security.web.access.intercept.FilterSecurityInterceptor@12ede21f]
2020-03-09 22:37:41.705  WARN 1651 --- [    Test worker] o.s.b.a.f.FreeMarkerAutoConfiguration    : Cannot find template location(s): [classpath:/templates/] (please add some templates, check your FreeMarker configuration, or set spring.freemarker.checkTemplateLocation=false)
2020-03-09 22:37:41.711  INFO 1651 --- [    Test worker] o.s.b.a.h2.H2ConsoleAutoConfiguration    : H2 console available at '/h2-console'. Database available at 'jdbc:mysql://127.0.0.1:3306/somini?useSSL=false&characterEncoding=UTF-8&serverTimezone=UTC'
2020-03-09 22:37:41.860  INFO 1651 --- [    Test worker] o.s.b.a.e.web.EndpointLinksResolver      : Exposing 2 endpoint(s) beneath base path '/actuator'
2020-03-09 22:37:41.954  INFO 1651 --- [    Test worker] c.s.a.encoding.EncodingTest              : Started EncodingTest in 7.137 seconds (JVM running for 8.197)
testSecret : $2a$10$yMLouFEpQLKOkuLO7x0cVewelMzYO5yS0SX9Co9vUoL2Fp/3MKw1e1234 : $2a$10$0n61/gMuWB4Uq/gkZddIHeMNT8jCTKW7xQozC1wz.nIWbUBl6GMOq
]]></system-out>
  <system-err><![CDATA[Loading class `com.mysql.jdbc.Driver'. This is deprecated. The new driver class is `com.mysql.cj.jdbc.Driver'. The driver is automatically registered via the SPI and manual loading of the driver class is generally unnecessary.
]]></system-err>
</testsuite>
